23/05/2018 08:31:44	This log contains information about the import schema operation into project 'Project_11210' on computer 'DESKTOP-BSFSTUR' by user 'Mayhem'.
23/05/2018 08:31:44	Import of database schema has started.
23/05/2018 08:31:50	Gathering database options
23/05/2018 08:31:50	Gathering users
23/05/2018 08:31:50	Gathering roles
23/05/2018 08:31:50	Gathering application roles
23/05/2018 08:31:50	Gathering role memberships
23/05/2018 08:31:50	Gathering filegroups
23/05/2018 08:31:50	Gathering full-text catalogs
23/05/2018 08:31:50	Gathering assemblies
23/05/2018 08:31:50	Gathering certificates
23/05/2018 08:31:50	Gathering asymmetric keys
23/05/2018 08:31:50	Gathering symmetric keys
23/05/2018 08:31:50	Gathering encrypted symmetric keys
23/05/2018 08:31:50	Gathering schemas
23/05/2018 08:31:50	Gathering XML schema collections
23/05/2018 08:31:50	Gathering user-defined data types
23/05/2018 08:31:50	Gathering user-defined types
23/05/2018 08:31:50	Gathering table types
23/05/2018 08:31:50	Gathering unique keys for table types
23/05/2018 08:31:50	Gathering primary keys for table types
23/05/2018 08:31:50	Gathering indexes for table types
23/05/2018 08:31:50	Gathering check constraints for table types
23/05/2018 08:31:50	Gathering default constraints for table types
23/05/2018 08:31:50	Gathering partition functions
23/05/2018 08:31:50	Gathering partition schemes
23/05/2018 08:31:50	Gathering functions
23/05/2018 08:31:50	Gathering encrypted functions
23/05/2018 08:31:50	Gathering aggregates
23/05/2018 08:31:50	Gathering procedures
23/05/2018 08:31:50	Gathering encrypted procedures
23/05/2018 08:31:50	Gathering tables
23/05/2018 08:31:50	Gathering primary keys
23/05/2018 08:31:50	Gathering unique constraints
23/05/2018 08:31:50	Gathering foreign keys
23/05/2018 08:31:50	Gathering default constraints
23/05/2018 08:31:50	Gathering check constraints
23/05/2018 08:31:50	Gathering views
23/05/2018 08:31:50	Gathering encrypted views
23/05/2018 08:31:50	Gathering indexes
23/05/2018 08:31:50	Gathering statistics
23/05/2018 08:31:50	Gathering full-text index stoplists
23/05/2018 08:31:50	Gathering search property lists
23/05/2018 08:31:50	Gathering search properties
23/05/2018 08:31:50	Gathering full-text indexes
23/05/2018 08:31:50	Gathering column store indexes
23/05/2018 08:31:50	Gathering spatial indexes
23/05/2018 08:31:50	Gathering XML indexes
23/05/2018 08:31:50	Gathering Selective XML indexes
23/05/2018 08:31:50	Gathering encrypted triggers
23/05/2018 08:31:50	Gathering triggers
23/05/2018 08:31:51	Gathering encrypted and clr ddl triggers
23/05/2018 08:31:51	Gathering ddl triggers
23/05/2018 08:31:51	Gathering synonyms
23/05/2018 08:31:51	Gathering defaults
23/05/2018 08:31:51	Gathering data constraint uddt bindings
23/05/2018 08:31:51	Gathering rules
23/05/2018 08:31:51	Gathering data constraint uddt bindings
23/05/2018 08:31:51	Gathering message types
23/05/2018 08:31:51	Gathering queues
23/05/2018 08:31:51	Gathering contracts
23/05/2018 08:31:51	Gathering services
23/05/2018 08:31:51	Gathering event notifications
23/05/2018 08:31:51	Gathering remote service bindings
23/05/2018 08:31:51	Gathering broker priorities
23/05/2018 08:31:51	Gathering signatures
23/05/2018 08:31:51	Gathering data compression options
23/05/2018 08:31:51	Gathering sequence types
23/05/2018 08:31:51	Gathering security policies
23/05/2018 08:31:51	Gather column encryption keys
23/05/2018 08:31:51	Gathering column master keys
23/05/2018 08:31:51	Gathering external data sources
23/05/2018 08:31:51	Gathering external file formats
23/05/2018 08:31:51	Gathering external tables
23/05/2018 08:31:51	Gathering extended properties
23/05/2018 08:31:51	Gathering credentials
23/05/2018 08:31:51	Gathering logins
23/05/2018 08:31:51	Gathering server audits
23/05/2018 08:31:51	Scanning project for duplicate elements
23/05/2018 08:31:51	Finished duplicate element processing
23/05/2018 08:31:51	Finished importing database.
23/05/2018 08:31:51	A summary of the import was saved to the following location: c:\users\mayhem\documents\visual studio 2015\Projects\Project_11210\Project_11210\Import Schema Logs\Project_11210_20180523063144.log
23/05/2018 08:31:51	Click Finish to continue...
